2023-04-03 02:45:51.241005 - Initialized conversion of CBT798
2023-04-03 02:45:52.319373 - Received CBT.V504.FILE798.PDS from FILE798.XMI 
2023-04-03 02:45:52.322043 - Found $$$#DATE.txt (text/plain) in CBT.V504.FILE798.PDS, moved to PDS/$$$#DATE
2023-04-03 02:45:52.323283 - Found $$README.txt (text/plain) in CBT.V504.FILE798.PDS, moved to PDS/$$README
2023-04-03 02:45:52.324256 - Found $CMPREXX.jcl (text/plain) in CBT.V504.FILE798.PDS, moved to PDS/$CMPREXX
2023-04-03 02:45:52.325356 - Found $COMJCS1.jcl (text/plain) in CBT.V504.FILE798.PDS, moved to PDS/$COMJCS1
2023-04-03 02:45:52.326583 - Found $CRTRACF.jcl (text/plain) in CBT.V504.FILE798.PDS, moved to PDS/$CRTRACF
2023-04-03 02:45:52.327713 - Found $CRTVSAM.jcl (text/plain) in CBT.V504.FILE798.PDS, moved to PDS/$CRTVSAM
2023-04-03 02:45:52.328859 - Found $DEFRES.jcl (text/plain) in CBT.V504.FILE798.PDS, moved to PDS/$DEFRES
2023-04-03 02:45:52.330062 - Found $JOBFLOW.txt (text/plain) in CBT.V504.FILE798.PDS, moved to PDS/$JOBFLOW
2023-04-03 02:45:52.331017 - Found $RUNAPSB.jcl (text/plain) in CBT.V504.FILE798.PDS, moved to PDS/$RUNAPSB
2023-04-03 02:45:52.332271 - Found $RUNCKAP.jcl (text/plain) in CBT.V504.FILE798.PDS, moved to PDS/$RUNCKAP
2023-04-03 02:45:52.333387 - Found $RUNMAST.jcl (text/plain) in CBT.V504.FILE798.PDS, moved to PDS/$RUNMAST
2023-04-03 02:45:52.334349 - Found $RUNRERA.jcl (text/plain) in CBT.V504.FILE798.PDS, moved to PDS/$RUNRERA
2023-04-03 02:45:52.335571 - Found $RUNRERM.jcl (text/plain) in CBT.V504.FILE798.PDS, moved to PDS/$RUNRERM
2023-04-03 02:45:52.336729 - Found $SRTQSAM.jcl (text/plain) in CBT.V504.FILE798.PDS, moved to PDS/$SRTQSAM
2023-04-03 02:45:52.337818 - Found @FILE798.txt (text/plain) in CBT.V504.FILE798.PDS, moved to PDS/@FILE798
2023-04-03 02:45:52.338930 - Found CHKRC.rexx (text/plain) in CBT.V504.FILE798.PDS, moved to PDS/CHKRC
2023-04-03 02:45:52.340186 - Found DTCCNTL.txt (text/plain) in CBT.V504.FILE798.PDS, moved to PDS/DTCCNTL
2023-04-03 02:45:52.341534 - Found JCSBABDA.txt (text/plain) in CBT.V504.FILE798.PDS, moved to PDS/JCSBABDA
2023-04-03 02:45:52.342903 - Found JCSBABDM.txt (text/plain) in CBT.V504.FILE798.PDS, moved to PDS/JCSBABDM
2023-04-03 02:45:52.343945 - Found JCSBAPNM.txt (text/plain) in CBT.V504.FILE798.PDS, moved to PDS/JCSBAPNM
2023-04-03 02:45:52.345375 - Found JCSBAPSB.txt (text/plain) in CBT.V504.FILE798.PDS, moved to PDS/JCSBAPSB
2023-04-03 02:45:52.346542 - Found JCSBBEGN.txt (text/plain) in CBT.V504.FILE798.PDS, moved to PDS/JCSBBEGN
2023-04-03 02:45:52.347855 - Found JCSBBGAP.txt (text/plain) in CBT.V504.FILE798.PDS, moved to PDS/JCSBBGAP
2023-04-03 02:45:52.349060 - Found JCSBCKAP.txt (text/plain) in CBT.V504.FILE798.PDS, moved to PDS/JCSBCKAP
2023-04-03 02:45:52.350249 - Found JCSBCKRC.rexx (text/plain) in CBT.V504.FILE798.PDS, moved to PDS/JCSBCKRC
2023-04-03 02:45:52.351491 - Found JCSBEND.txt (text/plain) in CBT.V504.FILE798.PDS, moved to PDS/JCSBEND
2023-04-03 02:45:52.352628 - Found JCSBMAST.txt (text/plain) in CBT.V504.FILE798.PDS, moved to PDS/JCSBMAST
2023-04-03 02:45:52.353807 - Found JCSBRERA.txt (text/plain) in CBT.V504.FILE798.PDS, moved to PDS/JCSBRERA
2023-04-03 02:45:52.355038 - Found JCSBRERM.txt (text/plain) in CBT.V504.FILE798.PDS, moved to PDS/JCSBRERM
2023-04-03 02:45:52.356241 - Found JCSBSTSA.txt (text/plain) in CBT.V504.FILE798.PDS, moved to PDS/JCSBSTSA
2023-04-03 02:45:52.357448 - Found JCSBWAIT.txt (text/plain) in CBT.V504.FILE798.PDS, moved to PDS/JCSBWAIT
2023-04-03 02:45:52.358604 - Found JCSBWELM.txt (text/plain) in CBT.V504.FILE798.PDS, moved to PDS/JCSBWELM
2023-04-03 02:45:52.359732 - Found JCSCCHCK.txt (text/plain) in CBT.V504.FILE798.PDS, moved to PDS/JCSCCHCK
2023-04-03 02:45:52.360956 - Found JCSCJBST.txt (text/plain) in CBT.V504.FILE798.PDS, moved to PDS/JCSCJBST
2023-04-03 02:45:52.362130 - Found JCSCJOBH.txt (text/plain) in CBT.V504.FILE798.PDS, moved to PDS/JCSCJOBH
2023-04-03 02:45:52.363148 - Found JCSCMAST.txt (text/plain) in CBT.V504.FILE798.PDS, moved to PDS/JCSCMAST
2023-04-03 02:45:52.364232 - Found JCSCWK00.txt (text/plain) in CBT.V504.FILE798.PDS, moved to PDS/JCSCWK00
2023-04-03 02:45:52.365255 - Found JCSCWK01.txt (text/plain) in CBT.V504.FILE798.PDS, moved to PDS/JCSCWK01
2023-04-03 02:45:52.366231 - Found JCSCWK02.txt (text/plain) in CBT.V504.FILE798.PDS, moved to PDS/JCSCWK02
2023-04-03 02:45:52.367277 - Found JCSCWK03.txt (text/plain) in CBT.V504.FILE798.PDS, moved to PDS/JCSCWK03
2023-04-03 02:45:52.368365 - Found JCSCWK04.txt (text/plain) in CBT.V504.FILE798.PDS, moved to PDS/JCSCWK04
2023-04-03 02:45:52.369331 - Found JCSCWK05.txt (text/plain) in CBT.V504.FILE798.PDS, moved to PDS/JCSCWK05
2023-04-03 02:45:52.370260 - Found JCSCWK06.txt (text/plain) in CBT.V504.FILE798.PDS, moved to PDS/JCSCWK06
2023-04-03 02:45:52.371241 - Found JCSCWK07.txt (text/plain) in CBT.V504.FILE798.PDS, moved to PDS/JCSCWK07
2023-04-03 02:45:52.372253 - Found JCSCWK08.txt (text/plain) in CBT.V504.FILE798.PDS, moved to PDS/JCSCWK08
2023-04-03 02:45:52.373407 - Found JCSCWK09.txt (text/plain) in CBT.V504.FILE798.PDS, moved to PDS/JCSCWK09
2023-04-03 02:45:52.374541 - Found JCSCWK10.txt (text/plain) in CBT.V504.FILE798.PDS, moved to PDS/JCSCWK10
2023-04-03 02:45:52.375769 - Found JCSCWK11.txt (text/plain) in CBT.V504.FILE798.PDS, moved to PDS/JCSCWK11
2023-04-03 02:45:52.376924 - Found JCSCWK12.txt (text/plain) in CBT.V504.FILE798.PDS, moved to PDS/JCSCWK12
2023-04-03 02:45:52.378014 - Found JCSCWK13.txt (text/plain) in CBT.V504.FILE798.PDS, moved to PDS/JCSCWK13
2023-04-03 02:45:52.379369 - Found JCSCWK14.txt (text/plain) in CBT.V504.FILE798.PDS, moved to PDS/JCSCWK14
2023-04-03 02:45:52.380413 - Found JCSCWK15.txt (text/plain) in CBT.V504.FILE798.PDS, moved to PDS/JCSCWK15
2023-04-03 02:45:52.381836 - Found JCSCWK16.txt (text/plain) in CBT.V504.FILE798.PDS, moved to PDS/JCSCWK16
2023-04-03 02:45:52.387717 - Found JCSFAPSB.xmi (application/xmit) in CBT.V504.FILE798.PDS
2023-04-03 02:45:52.392099   - Received to CBT798/JCSFAPSB.QSAM
2023-04-03 02:45:52.399295 - Found JCSFJOBH.xmi (application/xmit) in CBT.V504.FILE798.PDS
2023-04-03 02:45:52.402839   - Received to CBT798/JCSFJOBH.QSAM
2023-04-03 02:45:52.406703 - Found JCSFMAST.xmi (application/xmit) in CBT.V504.FILE798.PDS
2023-04-03 02:45:52.409939   - Received to CBT798/JCSFMAST.QSAM
2023-04-03 02:45:52.414884 - Found JCSFSTEP.xmi (application/xmit) in CBT.V504.FILE798.PDS
2023-04-03 02:45:52.418040   - Received to CBT798/JCSFSTEP.QSAM
2023-04-03 02:45:52.419090 - Found JCSPABDA.txt (text/plain) in CBT.V504.FILE798.PDS, moved to PDS/JCSPABDA
2023-04-03 02:45:52.420011 - Found JCSPABDM.txt (text/plain) in CBT.V504.FILE798.PDS, moved to PDS/JCSPABDM
2023-04-03 02:45:52.420955 - Found JCSPBEGN.txt (text/plain) in CBT.V504.FILE798.PDS, moved to PDS/JCSPBEGN
2023-04-03 02:45:52.421857 - Found JCSPBGAP.txt (text/plain) in CBT.V504.FILE798.PDS, moved to PDS/JCSPBGAP
2023-04-03 02:45:52.422769 - Found JCSPCHK.txt (text/plain) in CBT.V504.FILE798.PDS, moved to PDS/JCSPCHK
2023-04-03 02:45:52.423825 - Found JCSPDELT.txt (text/plain) in CBT.V504.FILE798.PDS, moved to PDS/JCSPDELT
2023-04-03 02:45:52.424837 - Found JCSPDUMY.txt (text/plain) in CBT.V504.FILE798.PDS, moved to PDS/JCSPDUMY
2023-04-03 02:45:52.425801 - Found JCSPEND.txt (text/plain) in CBT.V504.FILE798.PDS, moved to PDS/JCSPEND
2023-04-03 02:45:52.426779 - Found JCSPVSAM.txt (text/plain) in CBT.V504.FILE798.PDS, moved to PDS/JCSPVSAM
2023-04-03 02:45:52.427698 - Found JCSPWARA.txt (text/plain) in CBT.V504.FILE798.PDS, moved to PDS/JCSPWARA
2023-04-03 02:45:52.428824 - Found JCSPWARM.txt (text/plain) in CBT.V504.FILE798.PDS, moved to PDS/JCSPWARM
2023-04-03 02:45:52.429857 - Found JCSPWELA.txt (text/plain) in CBT.V504.FILE798.PDS, moved to PDS/JCSPWELA
2023-04-03 02:45:52.430820 - Found JCSPWELM.txt (text/plain) in CBT.V504.FILE798.PDS, moved to PDS/JCSPWELM
2023-04-03 02:45:52.473064 - Found LOADXMIT.xmi (application/xmit) in CBT.V504.FILE798.PDS
2023-04-03 02:45:52.492888   - Received RECFM=U data, stored XMIT file as CBT798/LOADXMIT.xmi
2023-04-03 02:45:52.493850 - Found RBS00001.txt (text/plain) in CBT.V504.FILE798.PDS, moved to PDS/RBS00001
2023-04-03 02:45:52.494809 - Found RBS00002.txt (text/plain) in CBT.V504.FILE798.PDS, moved to PDS/RBS00002
2023-04-03 02:45:52.495813 - Found RBS00003.txt (text/plain) in CBT.V504.FILE798.PDS, moved to PDS/RBS00003
2023-04-03 02:45:52.496788 - Found RBS00004.txt (text/plain) in CBT.V504.FILE798.PDS, moved to PDS/RBS00004
2023-04-03 02:45:52.497750 - Found RBS00005.txt (text/plain) in CBT.V504.FILE798.PDS, moved to PDS/RBS00005
2023-04-03 02:45:52.498684 - Found RBS00006.txt (text/plain) in CBT.V504.FILE798.PDS, moved to PDS/RBS00006
2023-04-03 02:45:52.499892 - Found RBS00007.txt (text/plain) in CBT.V504.FILE798.PDS, moved to PDS/RBS00007
2023-04-03 02:45:52.501060 - Found RBS00008.txt (text/plain) in CBT.V504.FILE798.PDS, moved to PDS/RBS00008
2023-04-03 02:45:52.502002 - Found RBS00009.txt (text/plain) in CBT.V504.FILE798.PDS, moved to PDS/RBS00009
2023-04-03 02:45:52.502942 - Found RBS00010.txt (text/plain) in CBT.V504.FILE798.PDS, moved to PDS/RBS00010
2023-04-03 02:45:52.504043 - Found RBS00011.txt (text/plain) in CBT.V504.FILE798.PDS, moved to PDS/RBS00011
2023-04-03 02:45:52.505047 - Found RBS00012.txt (text/plain) in CBT.V504.FILE798.PDS, moved to PDS/RBS00012
2023-04-03 02:45:52.506032 - Found RBS00013.txt (text/plain) in CBT.V504.FILE798.PDS, moved to PDS/RBS00013
2023-04-03 02:45:52.507110 - Found RBS00014.txt (text/plain) in CBT.V504.FILE798.PDS, moved to PDS/RBS00014
2023-04-03 02:45:52.508241 - Found RBS00015.txt (text/plain) in CBT.V504.FILE798.PDS, moved to PDS/RBS00015
2023-04-03 02:45:52.509228 - Found RBS00016.txt (text/plain) in CBT.V504.FILE798.PDS, moved to PDS/RBS00016
2023-04-03 02:45:52.510337 - Found RBS00017.txt (text/plain) in CBT.V504.FILE798.PDS, moved to PDS/RBS00017
2023-04-03 02:45:52.511527 - Found RBS00018.txt (text/plain) in CBT.V504.FILE798.PDS, moved to PDS/RBS00018
2023-04-03 02:45:52.512632 - Found RBS00019.txt (text/plain) in CBT.V504.FILE798.PDS, moved to PDS/RBS00019
2023-04-03 02:45:52.513760 - Found RBS00020.txt (text/plain) in CBT.V504.FILE798.PDS, moved to PDS/RBS00020
2023-04-03 02:45:52.514765 - Found RBS00021.txt (text/plain) in CBT.V504.FILE798.PDS, moved to PDS/RBS00021
2023-04-03 02:45:52.515793 - Found RBS00022.txt (text/plain) in CBT.V504.FILE798.PDS, moved to PDS/RBS00022
2023-04-03 02:45:52.516733 - Found RBS00023.txt (text/plain) in CBT.V504.FILE798.PDS, moved to PDS/RBS00023
2023-04-03 02:45:52.517785 - Found RBS00024.txt (text/plain) in CBT.V504.FILE798.PDS, moved to PDS/RBS00024
2023-04-03 02:45:52.518823 - Found RBS00025.txt (text/plain) in CBT.V504.FILE798.PDS, moved to PDS/RBS00025
2023-04-03 02:45:52.519934 - Found RBS00026.txt (text/plain) in CBT.V504.FILE798.PDS, moved to PDS/RBS00026
2023-04-03 02:45:52.521012 - Found RBS00027.txt (text/plain) in CBT.V504.FILE798.PDS, moved to PDS/RBS00027
2023-04-03 02:45:52.522031 - Found RBS00028.txt (text/plain) in CBT.V504.FILE798.PDS, moved to PDS/RBS00028
2023-04-03 02:45:52.523181 - Found RBS00029.txt (text/plain) in CBT.V504.FILE798.PDS, moved to PDS/RBS00029
2023-04-03 02:45:52.524232 - Found RBS00030.txt (text/plain) in CBT.V504.FILE798.PDS, moved to PDS/RBS00030
2023-04-03 02:45:52.525179 - Found RBS00031.txt (text/plain) in CBT.V504.FILE798.PDS, moved to PDS/RBS00031
2023-04-03 02:45:52.526135 - Found RBS00032.txt (text/plain) in CBT.V504.FILE798.PDS, moved to PDS/RBS00032
2023-04-03 02:45:52.527237 - Found RBS00033.txt (text/plain) in CBT.V504.FILE798.PDS, moved to PDS/RBS00033
